  main.cpp
c:\users\admin\documents\github\dungeon-builder\tilemap.hpp(33): warning C4244: 'argument': conversion from 'unsigned int' to 'T', possible loss of data
          with
          [
              T=float
          ]
c:\users\admin\documents\github\dungeon-builder\tilemap.hpp(34): warning C4244: 'argument': conversion from 'unsigned int' to 'T', possible loss of data
          with
          [
              T=float
          ]
c:\users\admin\documents\github\dungeon-builder\tilemap.hpp(35): warning C4244: 'argument': conversion from 'unsigned int' to 'T', possible loss of data
          with
          [
              T=float
          ]
c:\users\admin\documents\github\dungeon-builder\tilemap.hpp(36): warning C4244: 'argument': conversion from 'unsigned int' to 'T', possible loss of data
          with
          [
              T=float
          ]
c:\users\admin\documents\github\dungeon-builder\tilemap.hpp(39): warning C4244: 'argument': conversion from 'T' to 'T', possible loss of data
          with
          [
              T=unsigned int
          ]
          and
          [
              T=float
          ]
c:\users\admin\documents\github\dungeon-builder\tilemap.hpp(40): warning C4244: 'argument': conversion from 'T' to 'T', possible loss of data
          with
          [
              T=unsigned int
          ]
          and
          [
              T=float
          ]
c:\users\admin\documents\github\dungeon-builder\tilemap.hpp(41): warning C4244: 'argument': conversion from 'T' to 'T', possible loss of data
          with
          [
              T=unsigned int
          ]
          and
          [
              T=float
          ]
c:\users\admin\documents\github\dungeon-builder\tilemap.hpp(42): warning C4244: 'argument': conversion from 'T' to 'T', possible loss of data
          with
          [
              T=unsigned int
          ]
          and
          [
              T=float
          ]
c:\users\admin\documents\github\dungeon-builder\main.cpp(225): warning C4244: 'argument': conversion from 'int' to 'T', possible loss of data
          with
          [
              T=float
          ]
c:\users\admin\documents\github\dungeon-builder\main.cpp(229): warning C4244: 'argument': conversion from 'int' to 'T', possible loss of data
          with
          [
              T=float
          ]
  Generating code
  1 of 283 functions ( 0.4%) were compiled, the rest were copied from previous compilation.
    0 functions were new in current compilation
    0 functions had inline decision re-evaluated but remain unchanged
  Finished generating code
  Dungeon builder.vcxproj -> C:\Users\Admin\Documents\GitHub\Dungeon-Builder\Release\Dungeon builder.exe
